Unable to capture context for thread 11552 in process 12964, can not generate back trace
Exception at PC 0x00007FFDD654BB93
Printing stacktrace...

Exception at PC 0x00007FFE3205A839
Exception at PC 0x00007FFE3205A839
Exception at PC 0x00007FFE3205A839
Exception at PC 0x00007FFE3205A839
Exception at PC 0x00007FFE3205A839
Exception at PC 0x00007FFE3205A839
Exception at PC 0x00007FFE3205A839
Exception at PC 0x00007FFE3205A839
Exception at PC 0x00007FFE3205A839
[0]  [0x00007FFDD654BB93]
[1]  [0x00007FFDD654BB93]
[2]  [0x00007FFDD654B4A1]
[3]  [0x00007FFDD654B3EF]
[4]  [0x00007FFDD65319FE]
[5]  [0x00007FFDD6530ED1]
[6]  [0x00007FFDD6530D76]
[7]  [0x00007FFDD64D79F6]
[8]  [0x00007FFDD64C7AFB]
[9]  [0x00007FFDD65EE90A]
[10]  [0x00007FFDD6609F87]
[11]  [0x00007FFDD660A05F]
[12] (BaseThreadInitThunk+0x14) [0x00007FFE339D7BD4]
[13] (RtlUserThreadStart+0x21) [0x00007FFE3436CEE1]
Done
Exception at PC 0x00007FFE3205A839
Exception at PC 0x00007FFE3205A839
Exception at PC 0x00007FFE3205A839
Exception at PC 0x00007FFE3205A839
Exception at PC 0x00007FFE3205A839
Exception at PC 0x00007FFE3205A839
Exception at PC 0x00007FFE3205A839
Exception at PC 0x00007FFE3205A839
Exception at PC 0x00007FFE3205A839
